This file contains any messages produced by compilers while
running configure, to aid debugging if configure makes a mistake.

It was created by mpi_pmem configure 1.0, which was
generated by GNU Autoconf 2.69.  Invocation command line was

  $ ./configure CC=/opt/ohpc/pub/mpi/openmpi-gnu/4.0.4/bin/mpicc

## --------- ##
## Platform. ##
## --------- ##

hostname = nvram001
uname -m = x86_64
uname -r = 4.13.0
uname -s = Linux
uname -v = #1 SMP Mon Jul 6 16:50:42 IDT 2020

/usr/bin/uname -p = x86_64
/bin/uname -X     = unknown

/bin/arch              = x86_64
/usr/bin/arch -k       = unknown
/usr/convex/getsysinfo = unknown
/usr/bin/hostinfo      = unknown
/bin/machine           = unknown
/usr/bin/oslevel       = unknown
/bin/universe          = unknown

PATH: /usr/local/bin/
PATH: /usr/local/sbin
PATH: /sbin
PATH: /bin
PATH: /usr/sbin
PATH: /usr/bin
PATH: /root/bin


## ----------- ##
## Core tests. ##
## ----------- ##

configure:2289: checking for gcc
configure:2316: result: /opt/ohpc/pub/mpi/openmpi-gnu/4.0.4/bin/mpicc
configure:2545: checking for C compiler version
configure:2554: /opt/ohpc/pub/mpi/openmpi-gnu/4.0.4/bin/mpicc --version >&5
gcc (GCC) 4.8.5 20150623 (Red Hat 4.8.5-44)
Copyright (C) 2015 Free Software Foundation, Inc.
This is free software; see the source for copying conditions.  There is NO
warranty; not even for MERCHANTABILITY or FITNESS FOR A PARTICULAR PURPOSE.

configure:2565: $? = 0
configure:2554: /opt/ohpc/pub/mpi/openmpi-gnu/4.0.4/bin/mpicc -v >&5
Using built-in specs.
COLLECT_GCC=/bin/gcc
COLLECT_LTO_WRAPPER=/usr/libexec/gcc/x86_64-redhat-linux/4.8.5/lto-wrapper
Target: x86_64-redhat-linux
Configured with: ../configure --prefix=/usr --mandir=/usr/share/man --infodir=/usr/share/info --with-bugurl=http://bugzilla.redhat.com/bugzilla --enable-bootstrap --enable-shared --enable-threads=posix --enable-checking=release --with-system-zlib --enable-__cxa_atexit --disable-libunwind-exceptions --enable-gnu-unique-object --enable-linker-build-id --with-linker-hash-style=gnu --enable-languages=c,c++,objc,obj-c++,java,fortran,ada,go,lto --enable-plugin --enable-initfini-array --disable-libgcj --with-isl=/builddir/build/BUILD/gcc-4.8.5-20150702/obj-x86_64-redhat-linux/isl-install --with-cloog=/builddir/build/BUILD/gcc-4.8.5-20150702/obj-x86_64-redhat-linux/cloog-install --enable-gnu-indirect-function --with-tune=generic --with-arch_32=x86-64 --build=x86_64-redhat-linux
Thread model: posix
gcc version 4.8.5 20150623 (Red Hat 4.8.5-44) (GCC) 
configure:2565: $? = 0
configure:2554: /opt/ohpc/pub/mpi/openmpi-gnu/4.0.4/bin/mpicc -V >&5
gcc: error: unrecognized command line option '-V'
gcc: fatal error: no input files
compilation terminated.
configure:2565: $? = 4
configure:2554: /opt/ohpc/pub/mpi/openmpi-gnu/4.0.4/bin/mpicc -qversion >&5
gcc: error: unrecognized command line option '-qversion'
gcc: fatal error: no input files
compilation terminated.
configure:2565: $? = 4
configure:2585: checking whether the C compiler works
configure:2607: /opt/ohpc/pub/mpi/openmpi-gnu/4.0.4/bin/mpicc    conftest.c  >&5
configure:2611: $? = 0
configure:2659: result: yes
configure:2662: checking for C compiler default output file name
configure:2664: result: a.out
configure:2670: checking for suffix of executables
configure:2677: /opt/ohpc/pub/mpi/openmpi-gnu/4.0.4/bin/mpicc -o conftest    conftest.c  >&5
configure:2681: $? = 0
configure:2703: result: 
configure:2725: checking whether we are cross compiling
configure:2733: /opt/ohpc/pub/mpi/openmpi-gnu/4.0.4/bin/mpicc -o conftest    conftest.c  >&5
configure:2737: $? = 0
configure:2744: ./conftest
configure:2748: $? = 0
configure:2763: result: no
configure:2768: checking for suffix of object files
configure:2790: /opt/ohpc/pub/mpi/openmpi-gnu/4.0.4/bin/mpicc -c   conftest.c >&5
configure:2794: $? = 0
configure:2815: result: o
configure:2819: checking whether we are using the GNU C compiler
configure:2838: /opt/ohpc/pub/mpi/openmpi-gnu/4.0.4/bin/mpicc -c   conftest.c >&5
configure:2838: $? = 0
configure:2847: result: yes
configure:2856: checking whether /opt/ohpc/pub/mpi/openmpi-gnu/4.0.4/bin/mpicc accepts -g
configure:2876: /opt/ohpc/pub/mpi/openmpi-gnu/4.0.4/bin/mpicc -c -g  conftest.c >&5
configure:2876: $? = 0
configure:2917: result: yes
configure:2934: checking for /opt/ohpc/pub/mpi/openmpi-gnu/4.0.4/bin/mpicc option to accept ISO C89
configure:2997: /opt/ohpc/pub/mpi/openmpi-gnu/4.0.4/bin/mpicc  -c -g -O2  conftest.c >&5
configure:2997: $? = 0
configure:3010: result: none needed
configure:3035: checking whether /opt/ohpc/pub/mpi/openmpi-gnu/4.0.4/bin/mpicc understands -c and -o together
configure:3057: /opt/ohpc/pub/mpi/openmpi-gnu/4.0.4/bin/mpicc -c conftest.c -o conftest2.o
configure:3060: $? = 0
configure:3057: /opt/ohpc/pub/mpi/openmpi-gnu/4.0.4/bin/mpicc -c conftest.c -o conftest2.o
configure:3060: $? = 0
configure:3072: result: yes
configure:3095: checking how to run the C preprocessor
configure:3126: /opt/ohpc/pub/mpi/openmpi-gnu/4.0.4/bin/mpicc -E  conftest.c
configure:3126: $? = 0
configure:3140: /opt/ohpc/pub/mpi/openmpi-gnu/4.0.4/bin/mpicc -E  conftest.c
conftest.c:9:28: fatal error: ac_nonexistent.h: No such file or directory
 #include <ac_nonexistent.h>
                            ^
compilation terminated.
configure:3140: $? = 1
configure: failed program was:
| /* confdefs.h */
| #define PACKAGE_NAME "mpi_pmem"
| #define PACKAGE_TARNAME "mpi_pmem"
| #define PACKAGE_VERSION "1.0"
| #define PACKAGE_STRING "mpi_pmem 1.0"
| #define PACKAGE_BUGREPORT ""
| #define PACKAGE_URL ""
| /* end confdefs.h.  */
| #include <ac_nonexistent.h>
configure:3165: result: /opt/ohpc/pub/mpi/openmpi-gnu/4.0.4/bin/mpicc -E
configure:3185: /opt/ohpc/pub/mpi/openmpi-gnu/4.0.4/bin/mpicc -E  conftest.c
configure:3185: $? = 0
configure:3199: /opt/ohpc/pub/mpi/openmpi-gnu/4.0.4/bin/mpicc -E  conftest.c
conftest.c:9:28: fatal error: ac_nonexistent.h: No such file or directory
 #include <ac_nonexistent.h>
                            ^
compilation terminated.
configure:3199: $? = 1
configure: failed program was:
| /* confdefs.h */
| #define PACKAGE_NAME "mpi_pmem"
| #define PACKAGE_TARNAME "mpi_pmem"
| #define PACKAGE_VERSION "1.0"
| #define PACKAGE_STRING "mpi_pmem 1.0"
| #define PACKAGE_BUGREPORT ""
| #define PACKAGE_URL ""
| /* end confdefs.h.  */
| #include <ac_nonexistent.h>
configure:3228: checking for grep that handles long lines and -e
configure:3286: result: /bin/grep
configure:3291: checking for egrep
configure:3353: result: /bin/grep -E
configure:3358: checking for ANSI C header files
configure:3378: /opt/ohpc/pub/mpi/openmpi-gnu/4.0.4/bin/mpicc -c -g -O2  conftest.c >&5
configure:3378: $? = 0
configure:3451: /opt/ohpc/pub/mpi/openmpi-gnu/4.0.4/bin/mpicc -o conftest -g -O2   conftest.c  >&5
configure:3451: $? = 0
configure:3451: ./conftest
configure:3451: $? = 0
configure:3462: result: yes
configure:3475: checking for sys/types.h
configure:3475: /opt/ohpc/pub/mpi/openmpi-gnu/4.0.4/bin/mpicc -c -g -O2  conftest.c >&5
configure:3475: $? = 0
configure:3475: result: yes
configure:3475: checking for sys/stat.h
configure:3475: /opt/ohpc/pub/mpi/openmpi-gnu/4.0.4/bin/mpicc -c -g -O2  conftest.c >&5
configure:3475: $? = 0
configure:3475: result: yes
configure:3475: checking for stdlib.h
configure:3475: /opt/ohpc/pub/mpi/openmpi-gnu/4.0.4/bin/mpicc -c -g -O2  conftest.c >&5
configure:3475: $? = 0
configure:3475: result: yes
configure:3475: checking for string.h
configure:3475: /opt/ohpc/pub/mpi/openmpi-gnu/4.0.4/bin/mpicc -c -g -O2  conftest.c >&5
configure:3475: $? = 0
configure:3475: result: yes
configure:3475: checking for memory.h
configure:3475: /opt/ohpc/pub/mpi/openmpi-gnu/4.0.4/bin/mpicc -c -g -O2  conftest.c >&5
configure:3475: $? = 0
configure:3475: result: yes
configure:3475: checking for strings.h
configure:3475: /opt/ohpc/pub/mpi/openmpi-gnu/4.0.4/bin/mpicc -c -g -O2  conftest.c >&5
configure:3475: $? = 0
configure:3475: result: yes
configure:3475: checking for inttypes.h
configure:3475: /opt/ohpc/pub/mpi/openmpi-gnu/4.0.4/bin/mpicc -c -g -O2  conftest.c >&5
configure:3475: $? = 0
configure:3475: result: yes
configure:3475: checking for stdint.h
configure:3475: /opt/ohpc/pub/mpi/openmpi-gnu/4.0.4/bin/mpicc -c -g -O2  conftest.c >&5
configure:3475: $? = 0
configure:3475: result: yes
configure:3475: checking for unistd.h
configure:3475: /opt/ohpc/pub/mpi/openmpi-gnu/4.0.4/bin/mpicc -c -g -O2  conftest.c >&5
configure:3475: $? = 0
configure:3475: result: yes
configure:3488: checking minix/config.h usability
configure:3488: /opt/ohpc/pub/mpi/openmpi-gnu/4.0.4/bin/mpicc -c -g -O2  conftest.c >&5
conftest.c:52:26: fatal error: minix/config.h: No such file or directory
 #include <minix/config.h>
                          ^
compilation terminated.
configure:3488: $? = 1
configure: failed program was:
| /* confdefs.h */
| #define PACKAGE_NAME "mpi_pmem"
| #define PACKAGE_TARNAME "mpi_pmem"
| #define PACKAGE_VERSION "1.0"
| #define PACKAGE_STRING "mpi_pmem 1.0"
| #define PACKAGE_BUGREPORT ""
| #define PACKAGE_URL ""
| #define STDC_HEADERS 1
| #define HAVE_SYS_TYPES_H 1
| #define HAVE_SYS_STAT_H 1
| #define HAVE_STDLIB_H 1
| #define HAVE_STRING_H 1
| #define HAVE_MEMORY_H 1
| #define HAVE_STRINGS_H 1
| #define HAVE_INTTYPES_H 1
| #define HAVE_STDINT_H 1
| #define HAVE_UNISTD_H 1
| /* end confdefs.h.  */
| #include <stdio.h>
| #ifdef HAVE_SYS_TYPES_H
| # include <sys/types.h>
| #endif
| #ifdef HAVE_SYS_STAT_H
| # include <sys/stat.h>
| #endif
| #ifdef STDC_HEADERS
| # include <stdlib.h>
| # include <stddef.h>
| #else
| # ifdef HAVE_STDLIB_H
| #  include <stdlib.h>
| # endif
| #endif
| #ifdef HAVE_STRING_H
| # if !defined STDC_HEADERS && defined HAVE_MEMORY_H
| #  include <memory.h>
| # endif
| # include <string.h>
| #endif
| #ifdef HAVE_STRINGS_H
| # include <strings.h>
| #endif
| #ifdef HAVE_INTTYPES_H
| # include <inttypes.h>
| #endif
| #ifdef HAVE_STDINT_H
| # include <stdint.h>
| #endif
| #ifdef HAVE_UNISTD_H
| # include <unistd.h>
| #endif
| #include <minix/config.h>
configure:3488: result: no
configure:3488: checking minix/config.h presence
configure:3488: /opt/ohpc/pub/mpi/openmpi-gnu/4.0.4/bin/mpicc -E  conftest.c
conftest.c:19:26: fatal error: minix/config.h: No such file or directory
 #include <minix/config.h>
                          ^
compilation terminated.
configure:3488: $? = 1
configure: failed program was:
| /* confdefs.h */
| #define PACKAGE_NAME "mpi_pmem"
| #define PACKAGE_TARNAME "mpi_pmem"
| #define PACKAGE_VERSION "1.0"
| #define PACKAGE_STRING "mpi_pmem 1.0"
| #define PACKAGE_BUGREPORT ""
| #define PACKAGE_URL ""
| #define STDC_HEADERS 1
| #define HAVE_SYS_TYPES_H 1
| #define HAVE_SYS_STAT_H 1
| #define HAVE_STDLIB_H 1
| #define HAVE_STRING_H 1
| #define HAVE_MEMORY_H 1
| #define HAVE_STRINGS_H 1
| #define HAVE_INTTYPES_H 1
| #define HAVE_STDINT_H 1
| #define HAVE_UNISTD_H 1
| /* end confdefs.h.  */
| #include <minix/config.h>
configure:3488: result: no
configure:3488: checking for minix/config.h
configure:3488: result: no
configure:3509: checking whether it is safe to define __EXTENSIONS__
configure:3527: /opt/ohpc/pub/mpi/openmpi-gnu/4.0.4/bin/mpicc -c -g -O2  conftest.c >&5
configure:3527: $? = 0
configure:3534: result: yes
configure:3564: checking for a BSD-compatible install
configure:3632: result: /bin/install -c
configure:3643: checking whether build environment is sane
configure:3698: result: yes
configure:3841: checking for a thread-safe mkdir -p
configure:3880: result: /bin/mkdir -p
configure:3887: checking for gawk
configure:3903: found /bin/gawk
configure:3914: result: gawk
configure:3925: checking whether make sets $(MAKE)
configure:3947: result: yes
configure:3969: checking whether make supports the include directive
configure:3984: make -f confmf.GNU && cat confinc.out
make: Warning: File `confinc.mk' has modification time 379 s in the future
make: warning:  Clock skew detected.  Your build may be incomplete.
this is the am__doit target
configure:3987: $? = 0
configure:4006: result: yes (GNU style)
configure:4039: checking whether make supports nested variables
configure:4056: result: yes
configure:4141: checking dependency style of /opt/ohpc/pub/mpi/openmpi-gnu/4.0.4/bin/mpicc
configure:4252: result: gcc3
configure:4484: checking for gcc
configure:4511: result: /opt/ohpc/pub/mpi/openmpi-gnu/4.0.4/bin/mpicc
configure:4740: checking for C compiler version
configure:4749: /opt/ohpc/pub/mpi/openmpi-gnu/4.0.4/bin/mpicc --version >&5
gcc (GCC) 4.8.5 20150623 (Red Hat 4.8.5-44)
Copyright (C) 2015 Free Software Foundation, Inc.
This is free software; see the source for copying conditions.  There is NO
warranty; not even for MERCHANTABILITY or FITNESS FOR A PARTICULAR PURPOSE.

configure:4760: $? = 0
configure:4749: /opt/ohpc/pub/mpi/openmpi-gnu/4.0.4/bin/mpicc -v >&5
Using built-in specs.
COLLECT_GCC=/bin/gcc
COLLECT_LTO_WRAPPER=/usr/libexec/gcc/x86_64-redhat-linux/4.8.5/lto-wrapper
Target: x86_64-redhat-linux
Configured with: ../configure --prefix=/usr --mandir=/usr/share/man --infodir=/usr/share/info --with-bugurl=http://bugzilla.redhat.com/bugzilla --enable-bootstrap --enable-shared --enable-threads=posix --enable-checking=release --with-system-zlib --enable-__cxa_atexit --disable-libunwind-exceptions --enable-gnu-unique-object --enable-linker-build-id --with-linker-hash-style=gnu --enable-languages=c,c++,objc,obj-c++,java,fortran,ada,go,lto --enable-plugin --enable-initfini-array --disable-libgcj --with-isl=/builddir/build/BUILD/gcc-4.8.5-20150702/obj-x86_64-redhat-linux/isl-install --with-cloog=/builddir/build/BUILD/gcc-4.8.5-20150702/obj-x86_64-redhat-linux/cloog-install --enable-gnu-indirect-function --with-tune=generic --with-arch_32=x86-64 --build=x86_64-redhat-linux
Thread model: posix
gcc version 4.8.5 20150623 (Red Hat 4.8.5-44) (GCC) 
configure:4760: $? = 0
configure:4749: /opt/ohpc/pub/mpi/openmpi-gnu/4.0.4/bin/mpicc -V >&5
gcc: error: unrecognized command line option '-V'
gcc: fatal error: no input files
compilation terminated.
configure:4760: $? = 4
configure:4749: /opt/ohpc/pub/mpi/openmpi-gnu/4.0.4/bin/mpicc -qversion >&5
gcc: error: unrecognized command line option '-qversion'
gcc: fatal error: no input files
compilation terminated.
configure:4760: $? = 4
configure:4764: checking whether we are using the GNU C compiler
configure:4792: result: yes
configure:4801: checking whether /opt/ohpc/pub/mpi/openmpi-gnu/4.0.4/bin/mpicc accepts -g
configure:4862: result: yes
configure:4879: checking for /opt/ohpc/pub/mpi/openmpi-gnu/4.0.4/bin/mpicc option to accept ISO C89
configure:4955: result: none needed
configure:4980: checking whether /opt/ohpc/pub/mpi/openmpi-gnu/4.0.4/bin/mpicc understands -c and -o together
configure:5017: result: yes
configure:5060: checking for function MPI_Init
configure:5085: /opt/ohpc/pub/mpi/openmpi-gnu/4.0.4/bin/mpicc -o conftest -g -O2   conftest.c  >&5
configure:5085: $? = 0
configure:5092: result: yes
configure:5103: checking for mpi.h
configure:5116: /opt/ohpc/pub/mpi/openmpi-gnu/4.0.4/bin/mpicc -c -g -O2  conftest.c >&5
configure:5116: $? = 0
configure:5117: result: yes
configure:5203: checking for ar
configure:5219: found /bin/ar
configure:5230: result: ar
configure:5256: checking the archiver (ar) interface
configure:5272: /opt/ohpc/pub/mpi/openmpi-gnu/4.0.4/bin/mpicc -c -g -O2  conftest.c >&5
configure:5272: $? = 0
configure:5274: ar cru libconftest.a conftest.o >&5
configure:5277: $? = 0
configure:5305: result: ar
configure:5362: checking build system type
configure:5376: result: x86_64-unknown-linux-gnu
configure:5396: checking host system type
configure:5409: result: x86_64-unknown-linux-gnu
configure:5450: checking how to print strings
configure:5477: result: printf
configure:5498: checking for a sed that does not truncate output
configure:5562: result: /bin/sed
configure:5580: checking for fgrep
configure:5642: result: /bin/grep -F
configure:5677: checking for ld used by /opt/ohpc/pub/mpi/openmpi-gnu/4.0.4/bin/mpicc
configure:5744: result: /bin/ld
configure:5751: checking if the linker (/bin/ld) is GNU ld
configure:5766: result: yes
configure:5778: checking for BSD- or MS-compatible name lister (nm)
configure:5827: result: /bin/nm -B
configure:5957: checking the name lister (/bin/nm -B) interface
configure:5964: /opt/ohpc/pub/mpi/openmpi-gnu/4.0.4/bin/mpicc -c -g -O2  conftest.c >&5
configure:5967: /bin/nm -B "conftest.o"
configure:5970: output
0000000000000000 B some_variable
configure:5977: result: BSD nm
configure:5980: checking whether ln -s works
configure:5984: result: yes
configure:5992: checking the maximum length of command line arguments
configure:6122: result: 1572864
configure:6139: checking whether the shell understands some XSI constructs
configure:6149: result: yes
configure:6153: checking whether the shell understands "+="
configure:6159: result: yes
configure:6194: checking how to convert x86_64-unknown-linux-gnu file names to x86_64-unknown-linux-gnu format
configure:6234: result: func_convert_file_noop
configure:6241: checking how to convert x86_64-unknown-linux-gnu file names to toolchain format
configure:6261: result: func_convert_file_noop
configure:6268: checking for /bin/ld option to reload object files
configure:6275: result: -r
configure:6349: checking for objdump
configure:6365: found /bin/objdump
configure:6376: result: objdump
configure:6408: checking how to recognize dependent libraries
configure:6610: result: pass_all
configure:6695: checking for dlltool
configure:6725: result: no
configure:6755: checking how to associate runtime and link libraries
configure:6782: result: printf %s\n
configure:6906: checking for archiver @FILE support
configure:6923: /opt/ohpc/pub/mpi/openmpi-gnu/4.0.4/bin/mpicc -c -g -O2  conftest.c >&5
configure:6923: $? = 0
configure:6926: ar cru libconftest.a @conftest.lst >&5
configure:6929: $? = 0
configure:6934: ar cru libconftest.a @conftest.lst >&5
ar: conftest.o: No such file or directory
configure:6937: $? = 1
configure:6949: result: @
configure:7007: checking for strip
configure:7023: found /bin/strip
configure:7034: result: strip
configure:7106: checking for ranlib
configure:7122: found /bin/ranlib
configure:7133: result: ranlib
configure:7235: checking command to parse /bin/nm -B output from /opt/ohpc/pub/mpi/openmpi-gnu/4.0.4/bin/mpicc object
configure:7355: /opt/ohpc/pub/mpi/openmpi-gnu/4.0.4/bin/mpicc -c -g -O2  conftest.c >&5
configure:7358: $? = 0
configure:7362: /bin/nm -B conftest.o \| sed -n -e 's/^.*[ ]\([ABCDGIRSTW][ABCDGIRSTW]*\)[ ][ ]*\([_A-Za-z][_A-Za-z0-9]*\)$/\1 \2 \2/p' | sed '/ __gnu_lto/d' \> conftest.nm
configure:7365: $? = 0
configure:7431: /opt/ohpc/pub/mpi/openmpi-gnu/4.0.4/bin/mpicc -o conftest -g -O2   conftest.c conftstm.o >&5
configure:7434: $? = 0
configure:7472: result: ok
configure:7509: checking for sysroot
configure:7539: result: no
configure:7616: /opt/ohpc/pub/mpi/openmpi-gnu/4.0.4/bin/mpicc -c -g -O2  conftest.c >&5
configure:7619: $? = 0
configure:7795: checking for mt
configure:7825: result: no
configure:7845: checking if : is a manifest tool
configure:7851: : '-?'
configure:7859: result: no
configure:8498: checking for dlfcn.h
configure:8498: /opt/ohpc/pub/mpi/openmpi-gnu/4.0.4/bin/mpicc -c -g -O2  conftest.c >&5
configure:8498: $? = 0
configure:8498: result: yes
configure:8704: checking for objdir
configure:8719: result: .libs
configure:8990: checking if /opt/ohpc/pub/mpi/openmpi-gnu/4.0.4/bin/mpicc supports -fno-rtti -fno-exceptions
configure:9008: /opt/ohpc/pub/mpi/openmpi-gnu/4.0.4/bin/mpicc -c -g -O2  -fno-rtti -fno-exceptions conftest.c >&5
cc1: warning: command line option '-fno-rtti' is valid for C++/ObjC++ but not for C [enabled by default]
configure:9012: $? = 0
configure:9025: result: no
configure:9352: checking for /opt/ohpc/pub/mpi/openmpi-gnu/4.0.4/bin/mpicc option to produce PIC
configure:9359: result: -fPIC -DPIC
configure:9367: checking if /opt/ohpc/pub/mpi/openmpi-gnu/4.0.4/bin/mpicc PIC flag -fPIC -DPIC works
configure:9385: /opt/ohpc/pub/mpi/openmpi-gnu/4.0.4/bin/mpicc -c -g -O2  -fPIC -DPIC -DPIC conftest.c >&5
configure:9389: $? = 0
configure:9402: result: yes
configure:9431: checking if /opt/ohpc/pub/mpi/openmpi-gnu/4.0.4/bin/mpicc static flag -static works
configure:9459: result: no
configure:9474: checking if /opt/ohpc/pub/mpi/openmpi-gnu/4.0.4/bin/mpicc supports -c -o file.o
configure:9495: /opt/ohpc/pub/mpi/openmpi-gnu/4.0.4/bin/mpicc -c -g -O2  -o out/conftest2.o conftest.c >&5
configure:9499: $? = 0
configure:9521: result: yes
configure:9529: checking if /opt/ohpc/pub/mpi/openmpi-gnu/4.0.4/bin/mpicc supports -c -o file.o
configure:9576: result: yes
configure:9609: checking whether the /opt/ohpc/pub/mpi/openmpi-gnu/4.0.4/bin/mpicc linker (/bin/ld -m elf_x86_64) supports shared libraries
configure:10762: result: yes
configure:10799: checking whether -lc should be explicitly linked in
configure:10807: /opt/ohpc/pub/mpi/openmpi-gnu/4.0.4/bin/mpicc -c -g -O2  conftest.c >&5
configure:10810: $? = 0
configure:10825: /opt/ohpc/pub/mpi/openmpi-gnu/4.0.4/bin/mpicc -shared  -fPIC -DPIC conftest.o  -v -Wl,-soname -Wl,conftest -o conftest 2\>\&1 \| /bin/grep  -lc  \>/dev/null 2\>\&1
configure:10828: $? = 0
configure:10842: result: no
configure:11002: checking dynamic linker characteristics
configure:11513: /opt/ohpc/pub/mpi/openmpi-gnu/4.0.4/bin/mpicc -o conftest -g -O2   -Wl,-rpath -Wl,/foo conftest.c  >&5
configure:11513: $? = 0
configure:11739: result: GNU/Linux ld.so
configure:11846: checking how to hardcode library paths into programs
configure:11871: result: immediate
configure:12411: checking whether stripping libraries is possible
configure:12416: result: yes
configure:12451: checking if libtool supports shared libraries
configure:12453: result: yes
configure:12456: checking whether to build shared libraries
configure:12477: result: yes
configure:12480: checking whether to build static libraries
configure:12484: result: yes
configure:12681: checking that generated files are newer than configure
configure:12687: result: done
configure:12710: creating ./config.status

## ---------------------- ##
## Running config.status. ##
## ---------------------- ##

This file was extended by mpi_pmem config.status 1.0, which was
generated by GNU Autoconf 2.69.  Invocation command line was

  CONFIG_FILES    = 
  CONFIG_HEADERS  = 
  CONFIG_LINKS    = 
  CONFIG_COMMANDS = 
  $ ./config.status 

on nvram001

config.status:1015: creating Makefile
config.status:1015: creating src/Makefile
config.status:1015: creating examples/Makefile
config.status:1015: creating test/Makefile
config.status:1187: executing depfiles commands
config.status:1264: cd src       && sed -e '/# am--include-marker/d' Makefile         | make -f - am--depfiles
make: Nothing to be done for `am--depfiles'.
config.status:1269: $? = 0
config.status:1264: cd examples       && sed -e '/# am--include-marker/d' Makefile         | make -f - am--depfiles
make: Nothing to be done for `am--depfiles'.
config.status:1269: $? = 0
config.status:1264: cd test       && sed -e '/# am--include-marker/d' Makefile         | make -f - am--depfiles
make: Nothing to be done for `am--depfiles'.
config.status:1269: $? = 0
config.status:1187: executing libtool commands

## ---------------- ##
## Cache variables. ##
## ---------------- ##

ac_cv_build=x86_64-unknown-linux-gnu
ac_cv_c_compiler_gnu=yes
ac_cv_env_CC_set=set
ac_cv_env_CC_value=/opt/ohpc/pub/mpi/openmpi-gnu/4.0.4/bin/mpicc
ac_cv_env_CFLAGS_set=
ac_cv_env_CFLAGS_value=
ac_cv_env_CPPFLAGS_set=
ac_cv_env_CPPFLAGS_value=
ac_cv_env_CPP_set=
ac_cv_env_CPP_value=
ac_cv_env_LDFLAGS_set=
ac_cv_env_LDFLAGS_value=
ac_cv_env_LIBS_set=
ac_cv_env_LIBS_value=
ac_cv_env_MPICC_set=
ac_cv_env_MPICC_value=
ac_cv_env_build_alias_set=
ac_cv_env_build_alias_value=
ac_cv_env_host_alias_set=
ac_cv_env_host_alias_value=
ac_cv_env_target_alias_set=
ac_cv_env_target_alias_value=
ac_cv_header_dlfcn_h=yes
ac_cv_header_inttypes_h=yes
ac_cv_header_memory_h=yes
ac_cv_header_minix_config_h=no
ac_cv_header_stdc=yes
ac_cv_header_stdint_h=yes
ac_cv_header_stdlib_h=yes
ac_cv_header_string_h=yes
ac_cv_header_strings_h=yes
ac_cv_header_sys_stat_h=yes
ac_cv_header_sys_types_h=yes
ac_cv_header_unistd_h=yes
ac_cv_host=x86_64-unknown-linux-gnu
ac_cv_objext=o
ac_cv_path_EGREP='/bin/grep -E'
ac_cv_path_FGREP='/bin/grep -F'
ac_cv_path_GREP=/bin/grep
ac_cv_path_SED=/bin/sed
ac_cv_path_install='/bin/install -c'
ac_cv_path_mkdir=/bin/mkdir
ac_cv_prog_AWK=gawk
ac_cv_prog_CPP='/opt/ohpc/pub/mpi/openmpi-gnu/4.0.4/bin/mpicc -E'
ac_cv_prog_ac_ct_AR=ar
ac_cv_prog_ac_ct_CC=/opt/ohpc/pub/mpi/openmpi-gnu/4.0.4/bin/mpicc
ac_cv_prog_ac_ct_OBJDUMP=objdump
ac_cv_prog_ac_ct_RANLIB=ranlib
ac_cv_prog_ac_ct_STRIP=strip
ac_cv_prog_cc_c89=
ac_cv_prog_cc_g=yes
ac_cv_prog_make_make_set=yes
ac_cv_safe_to_define___extensions__=yes
am_cv_CC_dependencies_compiler_type=gcc3
am_cv_ar_interface=ar
am_cv_make_support_nested_variables=yes
am_cv_prog_cc_c_o=yes
lt_cv_ar_at_file=@
lt_cv_archive_cmds_need_lc=no
lt_cv_deplibs_check_method=pass_all
lt_cv_file_magic_cmd='$MAGIC_CMD'
lt_cv_file_magic_test_file=
lt_cv_ld_reload_flag=-r
lt_cv_nm_interface='BSD nm'
lt_cv_objdir=.libs
lt_cv_path_LD=/bin/ld
lt_cv_path_NM='/bin/nm -B'
lt_cv_path_mainfest_tool=no
lt_cv_prog_compiler_c_o=yes
lt_cv_prog_compiler_pic='-fPIC -DPIC'
lt_cv_prog_compiler_pic_works=yes
lt_cv_prog_compiler_rtti_exceptions=no
lt_cv_prog_compiler_static_works=no
lt_cv_prog_gnu_ld=yes
lt_cv_sharedlib_from_linklib_cmd='printf %s\n'
lt_cv_shlibpath_overrides_runpath=yes
lt_cv_sys_global_symbol_pipe='sed -n -e '\''s/^.*[	 ]\([ABCDGIRSTW][ABCDGIRSTW]*\)[	 ][	 ]*\([_A-Za-z][_A-Za-z0-9]*\)$/\1 \2 \2/p'\'' | sed '\''/ __gnu_lto/d'\'''
lt_cv_sys_global_symbol_to_c_name_address='sed -n -e '\''s/^: \([^ ]*\)[ ]*$/  {\"\1\", (void *) 0},/p'\'' -e '\''s/^[ABCDGIRSTW]* \([^ ]*\) \([^ ]*\)$/  {"\2", (void *) \&\2},/p'\'''
lt_cv_sys_global_symbol_to_c_name_address_lib_prefix='sed -n -e '\''s/^: \([^ ]*\)[ ]*$/  {\"\1\", (void *) 0},/p'\'' -e '\''s/^[ABCDGIRSTW]* \([^ ]*\) \(lib[^ ]*\)$/  {"\2", (void *) \&\2},/p'\'' -e '\''s/^[ABCDGIRSTW]* \([^ ]*\) \([^ ]*\)$/  {"lib\2", (void *) \&\2},/p'\'''
lt_cv_sys_global_symbol_to_cdecl='sed -n -e '\''s/^T .* \(.*\)$/extern int \1();/p'\'' -e '\''s/^[ABCDGIRSTW]* .* \(.*\)$/extern char \1;/p'\'''
lt_cv_sys_max_cmd_len=1572864
lt_cv_to_host_file_cmd=func_convert_file_noop
lt_cv_to_tool_file_cmd=func_convert_file_noop

## ----------------- ##
## Output variables. ##
## ----------------- ##

ACLOCAL='${SHELL} '\''/home/yonif/A_PAZI/ESR-CG/mpi-pmem-ext-harel/mpiio_extension2/missing'\'' aclocal-1.16'
AMDEPBACKSLASH='\'
AMDEP_FALSE='#'
AMDEP_TRUE=''
AMTAR='$${TAR-tar}'
AM_BACKSLASH='\'
AM_CFLAGS='-std=c99 -W -Wall'
AM_CPPFLAGS='-D_GNU_SOURCE -D_LOG_ERROR'
AM_CXXFLAGS='-W -Wall'
AM_DEFAULT_V='$(AM_DEFAULT_VERBOSITY)'
AM_DEFAULT_VERBOSITY='1'
AM_LDFLAGS=''
AM_V='$(V)'
AR='ar'
AUTOCONF='${SHELL} '\''/home/yonif/A_PAZI/ESR-CG/mpi-pmem-ext-harel/mpiio_extension2/missing'\'' autoconf'
AUTOHEADER='${SHELL} '\''/home/yonif/A_PAZI/ESR-CG/mpi-pmem-ext-harel/mpiio_extension2/missing'\'' autoheader'
AUTOMAKE='${SHELL} '\''/home/yonif/A_PAZI/ESR-CG/mpi-pmem-ext-harel/mpiio_extension2/missing'\'' automake-1.16'
AWK='gawk'
CC='/opt/ohpc/pub/mpi/openmpi-gnu/4.0.4/bin/mpicc'
CCDEPMODE='depmode=gcc3'
CFLAGS='-g -O2'
CPP='/opt/ohpc/pub/mpi/openmpi-gnu/4.0.4/bin/mpicc -E'
CPPFLAGS=''
CSCOPE='cscope'
CTAGS='ctags'
CYGPATH_W='echo'
DEFS='-DPACKAGE_NAME=\"mpi_pmem\" -DPACKAGE_TARNAME=\"mpi_pmem\" -DPACKAGE_VERSION=\"1.0\" -DPACKAGE_STRING=\"mpi_pmem\ 1.0\" -DPACKAGE_BUGREPORT=\"\" -DPACKAGE_URL=\"\" -DSTDC_HEADERS=1 -DHAVE_SYS_TYPES_H=1 -DHAVE_SYS_STAT_H=1 -DHAVE_STDLIB_H=1 -DHAVE_STRING_H=1 -DHAVE_MEMORY_H=1 -DHAVE_STRINGS_H=1 -DHAVE_INTTYPES_H=1 -DHAVE_STDINT_H=1 -DHAVE_UNISTD_H=1 -D__EXTENSIONS__=1 -D_ALL_SOURCE=1 -D_GNU_SOURCE=1 -D_POSIX_PTHREAD_SEMANTICS=1 -D_TANDEM_SOURCE=1 -DPACKAGE=\"mpi_pmem\" -DVERSION=\"1.0\" -DHAVE_MPI=1 -DHAVE_DLFCN_H=1 -DLT_OBJDIR=\".libs/\"'
DEPDIR='.deps'
DLLTOOL='false'
DSYMUTIL=''
DUMPBIN=''
ECHO_C=''
ECHO_N='-n'
ECHO_T=''
EGREP='/bin/grep -E'
ETAGS='etags'
EXEEXT=''
FGREP='/bin/grep -F'
GREP='/bin/grep'
INSTALL_DATA='${INSTALL} -m 644'
INSTALL_PROGRAM='${INSTALL}'
INSTALL_SCRIPT='${INSTALL}'
INSTALL_STRIP_PROGRAM='$(install_sh) -c -s'
LD='/bin/ld -m elf_x86_64'
LDADD='-lpthread -lpmem'
LDFLAGS=''
LIBOBJS=''
LIBS=''
LIBTOOL='$(SHELL) $(top_builddir)/libtool'
LIPO=''
LN_S='ln -s'
LTLIBOBJS=''
MAKEINFO='${SHELL} '\''/home/yonif/A_PAZI/ESR-CG/mpi-pmem-ext-harel/mpiio_extension2/missing'\'' makeinfo'
MANIFEST_TOOL=':'
MKDIR_P='/bin/mkdir -p'
MPICC=''
NM='/bin/nm -B'
NMEDIT=''
OBJDUMP='objdump'
OBJEXT='o'
OTOOL64=''
OTOOL=''
PACKAGE='mpi_pmem'
PACKAGE_BUGREPORT=''
PACKAGE_NAME='mpi_pmem'
PACKAGE_STRING='mpi_pmem 1.0'
PACKAGE_TARNAME='mpi_pmem'
PACKAGE_URL=''
PACKAGE_VERSION='1.0'
PATH_SEPARATOR=':'
RANLIB='ranlib'
SED='/bin/sed'
SET_MAKE=''
SHELL='/bin/sh'
STRIP='strip'
VERSION='1.0'
ac_ct_AR='ar'
ac_ct_CC='/opt/ohpc/pub/mpi/openmpi-gnu/4.0.4/bin/mpicc'
ac_ct_DUMPBIN=''
am__EXEEXT_FALSE=''
am__EXEEXT_TRUE='#'
am__fastdepCC_FALSE='#'
am__fastdepCC_TRUE=''
am__include='include'
am__isrc=''
am__leading_dot='.'
am__nodep='_no'
am__quote=''
am__tar='$${TAR-tar} chof - "$$tardir"'
am__untar='$${TAR-tar} xf -'
bindir='${exec_prefix}/bin'
build='x86_64-unknown-linux-gnu'
build_alias=''
build_cpu='x86_64'
build_os='linux-gnu'
build_vendor='unknown'
datadir='${datarootdir}'
datarootdir='${prefix}/share'
docdir='${datarootdir}/doc/${PACKAGE_TARNAME}'
dvidir='${docdir}'
exec_prefix='${prefix}'
host='x86_64-unknown-linux-gnu'
host_alias=''
host_cpu='x86_64'
host_os='linux-gnu'
host_vendor='unknown'
htmldir='${docdir}'
includedir='${prefix}/include'
infodir='${datarootdir}/info'
install_sh='${SHELL} /home/yonif/A_PAZI/ESR-CG/mpi-pmem-ext-harel/mpiio_extension2/install-sh'
libdir='${exec_prefix}/lib'
libexecdir='${exec_prefix}/libexec'
localedir='${datarootdir}/locale'
localstatedir='${prefix}/var'
mandir='${datarootdir}/man'
mkdir_p='$(MKDIR_P)'
oldincludedir='/usr/include'
pdfdir='${docdir}'
prefix='/usr/local'
program_transform_name='s,x,x,'
psdir='${docdir}'
sbindir='${exec_prefix}/sbin'
sharedstatedir='${prefix}/com'
sysconfdir='${prefix}/etc'
target_alias=''

## ----------- ##
## confdefs.h. ##
## ----------- ##

/* confdefs.h */
#define PACKAGE_NAME "mpi_pmem"
#define PACKAGE_TARNAME "mpi_pmem"
#define PACKAGE_VERSION "1.0"
#define PACKAGE_STRING "mpi_pmem 1.0"
#define PACKAGE_BUGREPORT ""
#define PACKAGE_URL ""
#define STDC_HEADERS 1
#define HAVE_SYS_TYPES_H 1
#define HAVE_SYS_STAT_H 1
#define HAVE_STDLIB_H 1
#define HAVE_STRING_H 1
#define HAVE_MEMORY_H 1
#define HAVE_STRINGS_H 1
#define HAVE_INTTYPES_H 1
#define HAVE_STDINT_H 1
#define HAVE_UNISTD_H 1
#define __EXTENSIONS__ 1
#define _ALL_SOURCE 1
#define _GNU_SOURCE 1
#define _POSIX_PTHREAD_SEMANTICS 1
#define _TANDEM_SOURCE 1
#define PACKAGE "mpi_pmem"
#define VERSION "1.0"
#define HAVE_MPI 1
#define HAVE_DLFCN_H 1
#define LT_OBJDIR ".libs/"

configure: exit 0
