This file contains any messages produced by compilers while
running configure, to aid debugging if configure makes a mistake.

It was created by mpi_pmem configure 1.0, which was
generated by GNU Autoconf 2.69.  Invocation command line was

  $ ./configure --prefix=/home/yonif/installed-mpi-pmem/mpi-win-pm-ext/mpich-gnu/2016 CC=/opt/ohpc/pub/mpi/mpich-gnu-ohpc/3.2.1/bin/mpicc CXX=/opt/ohpc/pub/mpi/mpich-gnu-ohpc/3.2.1/bin/mpic++

## --------- ##
## Platform. ##
## --------- ##

hostname = nvram001
uname -m = x86_64
uname -r = 4.13.0
uname -s = Linux
uname -v = #1 SMP Mon Jul 6 16:50:42 IDT 2020

/usr/bin/uname -p = x86_64
/bin/uname -X     = unknown

/bin/arch              = x86_64
/usr/bin/arch -k       = unknown
/usr/convex/getsysinfo = unknown
/usr/bin/hostinfo      = unknown
/bin/machine           = unknown
/usr/bin/oslevel       = unknown
/bin/universe          = unknown

PATH: /opt/ohpc/pub/mpi/mpich-gnu-ohpc/3.2.1/bin
PATH: /opt/sw/pmdk/pmdk-1.8_install
PATH: /opt/sw/gcc/8.1.0/bin
PATH: /home/yonif/.cargo/bin
PATH: /opt/sw/anaconda3/bin
PATH: /opt/sw/anaconda3/condabin
PATH: /usr/lib/qt-3.3/bin
PATH: /usr/local/bin
PATH: /usr/bin
PATH: /usr/local/sbin
PATH: /usr/sbin
PATH: /home/yonif/.local/bin
PATH: /home/yonif/bin


## ----------- ##
## Core tests. ##
## ----------- ##

configure:2435: checking for gcc
configure:2462: result: /opt/ohpc/pub/mpi/mpich-gnu-ohpc/3.2.1/bin/mpicc
configure:2691: checking for C compiler version
configure:2700: /opt/ohpc/pub/mpi/mpich-gnu-ohpc/3.2.1/bin/mpicc --version >&5
gcc (GCC) 8.1.0
Copyright (C) 2018 Free Software Foundation, Inc.
This is free software; see the source for copying conditions.  There is NO
warranty; not even for MERCHANTABILITY or FITNESS FOR A PARTICULAR PURPOSE.

configure:2711: $? = 0
configure:2700: /opt/ohpc/pub/mpi/mpich-gnu-ohpc/3.2.1/bin/mpicc -v >&5
mpicc for MPICH version 3.2.1
Using built-in specs.
COLLECT_GCC=gcc
COLLECT_LTO_WRAPPER=/opt/sw/gcc/8.1.0/bin/../libexec/gcc/x86_64-pc-linux-gnu/8.1.0/lto-wrapper
Target: x86_64-pc-linux-gnu
Configured with: ../gcc-8.1.0-src/configure --prefix=/home/idanmos/gcc8.1/gcc-8.1.0-dst --disable-multilib
Thread model: posix
gcc version 8.1.0 (GCC) 
configure:2711: $? = 0
configure:2700: /opt/ohpc/pub/mpi/mpich-gnu-ohpc/3.2.1/bin/mpicc -V >&5
gcc: error: unrecognized command line option '-V'
configure:2711: $? = 1
configure:2700: /opt/ohpc/pub/mpi/mpich-gnu-ohpc/3.2.1/bin/mpicc -qversion >&5
gcc: error: unrecognized command line option '-qversion'; did you mean '--version'?
configure:2711: $? = 1
configure:2731: checking whether the C compiler works
configure:2753: /opt/ohpc/pub/mpi/mpich-gnu-ohpc/3.2.1/bin/mpicc    conftest.c  >&5
configure:2757: $? = 0
configure:2805: result: yes
configure:2808: checking for C compiler default output file name
configure:2810: result: a.out
configure:2816: checking for suffix of executables
configure:2823: /opt/ohpc/pub/mpi/mpich-gnu-ohpc/3.2.1/bin/mpicc -o conftest    conftest.c  >&5
configure:2827: $? = 0
configure:2849: result: 
configure:2871: checking whether we are cross compiling
configure:2879: /opt/ohpc/pub/mpi/mpich-gnu-ohpc/3.2.1/bin/mpicc -o conftest    conftest.c  >&5
configure:2883: $? = 0
configure:2890: ./conftest
configure:2894: $? = 0
configure:2909: result: no
configure:2914: checking for suffix of object files
configure:2936: /opt/ohpc/pub/mpi/mpich-gnu-ohpc/3.2.1/bin/mpicc -c   conftest.c >&5
configure:2940: $? = 0
configure:2961: result: o
configure:2965: checking whether we are using the GNU C compiler
configure:2984: /opt/ohpc/pub/mpi/mpich-gnu-ohpc/3.2.1/bin/mpicc -c   conftest.c >&5
configure:2984: $? = 0
configure:2993: result: yes
configure:3002: checking whether /opt/ohpc/pub/mpi/mpich-gnu-ohpc/3.2.1/bin/mpicc accepts -g
configure:3022: /opt/ohpc/pub/mpi/mpich-gnu-ohpc/3.2.1/bin/mpicc -c -g  conftest.c >&5
configure:3022: $? = 0
configure:3063: result: yes
configure:3080: checking for /opt/ohpc/pub/mpi/mpich-gnu-ohpc/3.2.1/bin/mpicc option to accept ISO C89
configure:3143: /opt/ohpc/pub/mpi/mpich-gnu-ohpc/3.2.1/bin/mpicc  -c -g -O2  conftest.c >&5
configure:3143: $? = 0
configure:3156: result: none needed
configure:3181: checking whether /opt/ohpc/pub/mpi/mpich-gnu-ohpc/3.2.1/bin/mpicc understands -c and -o together
configure:3203: /opt/ohpc/pub/mpi/mpich-gnu-ohpc/3.2.1/bin/mpicc -c conftest.c -o conftest2.o
configure:3206: $? = 0
configure:3203: /opt/ohpc/pub/mpi/mpich-gnu-ohpc/3.2.1/bin/mpicc -c conftest.c -o conftest2.o
configure:3206: $? = 0
configure:3218: result: yes
configure:3241: checking how to run the C preprocessor
configure:3272: /opt/ohpc/pub/mpi/mpich-gnu-ohpc/3.2.1/bin/mpicc -E  conftest.c
configure:3272: $? = 0
configure:3286: /opt/ohpc/pub/mpi/mpich-gnu-ohpc/3.2.1/bin/mpicc -E  conftest.c
conftest.c:9:10: fatal error: ac_nonexistent.h: No such file or directory
 #include <ac_nonexistent.h>
          ^~~~~~~~~~~~~~~~~~
compilation terminated.
configure:3286: $? = 1
configure: failed program was:
| /* confdefs.h */
| #define PACKAGE_NAME "mpi_pmem"
| #define PACKAGE_TARNAME "mpi_pmem"
| #define PACKAGE_VERSION "1.0"
| #define PACKAGE_STRING "mpi_pmem 1.0"
| #define PACKAGE_BUGREPORT ""
| #define PACKAGE_URL ""
| /* end confdefs.h.  */
| #include <ac_nonexistent.h>
configure:3311: result: /opt/ohpc/pub/mpi/mpich-gnu-ohpc/3.2.1/bin/mpicc -E
configure:3331: /opt/ohpc/pub/mpi/mpich-gnu-ohpc/3.2.1/bin/mpicc -E  conftest.c
configure:3331: $? = 0
configure:3345: /opt/ohpc/pub/mpi/mpich-gnu-ohpc/3.2.1/bin/mpicc -E  conftest.c
conftest.c:9:10: fatal error: ac_nonexistent.h: No such file or directory
 #include <ac_nonexistent.h>
          ^~~~~~~~~~~~~~~~~~
compilation terminated.
configure:3345: $? = 1
configure: failed program was:
| /* confdefs.h */
| #define PACKAGE_NAME "mpi_pmem"
| #define PACKAGE_TARNAME "mpi_pmem"
| #define PACKAGE_VERSION "1.0"
| #define PACKAGE_STRING "mpi_pmem 1.0"
| #define PACKAGE_BUGREPORT ""
| #define PACKAGE_URL ""
| /* end confdefs.h.  */
| #include <ac_nonexistent.h>
configure:3374: checking for grep that handles long lines and -e
configure:3432: result: /usr/bin/grep
configure:3437: checking for egrep
configure:3499: result: /usr/bin/grep -E
configure:3504: checking for ANSI C header files
configure:3524: /opt/ohpc/pub/mpi/mpich-gnu-ohpc/3.2.1/bin/mpicc -c -g -O2  conftest.c >&5
configure:3524: $? = 0
configure:3597: /opt/ohpc/pub/mpi/mpich-gnu-ohpc/3.2.1/bin/mpicc -o conftest -g -O2   conftest.c  >&5
configure:3597: $? = 0
configure:3597: ./conftest
configure:3597: $? = 0
configure:3608: result: yes
configure:3621: checking for sys/types.h
configure:3621: /opt/ohpc/pub/mpi/mpich-gnu-ohpc/3.2.1/bin/mpicc -c -g -O2  conftest.c >&5
configure:3621: $? = 0
configure:3621: result: yes
configure:3621: checking for sys/stat.h
configure:3621: /opt/ohpc/pub/mpi/mpich-gnu-ohpc/3.2.1/bin/mpicc -c -g -O2  conftest.c >&5
configure:3621: $? = 0
configure:3621: result: yes
configure:3621: checking for stdlib.h
configure:3621: /opt/ohpc/pub/mpi/mpich-gnu-ohpc/3.2.1/bin/mpicc -c -g -O2  conftest.c >&5
configure:3621: $? = 0
configure:3621: result: yes
configure:3621: checking for string.h
configure:3621: /opt/ohpc/pub/mpi/mpich-gnu-ohpc/3.2.1/bin/mpicc -c -g -O2  conftest.c >&5
configure:3621: $? = 0
configure:3621: result: yes
configure:3621: checking for memory.h
configure:3621: /opt/ohpc/pub/mpi/mpich-gnu-ohpc/3.2.1/bin/mpicc -c -g -O2  conftest.c >&5
configure:3621: $? = 0
configure:3621: result: yes
configure:3621: checking for strings.h
configure:3621: /opt/ohpc/pub/mpi/mpich-gnu-ohpc/3.2.1/bin/mpicc -c -g -O2  conftest.c >&5
configure:3621: $? = 0
configure:3621: result: yes
configure:3621: checking for inttypes.h
configure:3621: /opt/ohpc/pub/mpi/mpich-gnu-ohpc/3.2.1/bin/mpicc -c -g -O2  conftest.c >&5
configure:3621: $? = 0
configure:3621: result: yes
configure:3621: checking for stdint.h
configure:3621: /opt/ohpc/pub/mpi/mpich-gnu-ohpc/3.2.1/bin/mpicc -c -g -O2  conftest.c >&5
configure:3621: $? = 0
configure:3621: result: yes
configure:3621: checking for unistd.h
configure:3621: /opt/ohpc/pub/mpi/mpich-gnu-ohpc/3.2.1/bin/mpicc -c -g -O2  conftest.c >&5
configure:3621: $? = 0
configure:3621: result: yes
configure:3634: checking minix/config.h usability
configure:3634: /opt/ohpc/pub/mpi/mpich-gnu-ohpc/3.2.1/bin/mpicc -c -g -O2  conftest.c >&5
conftest.c:52:10: fatal error: minix/config.h: No such file or directory
 #include <minix/config.h>
          ^~~~~~~~~~~~~~~~
compilation terminated.
configure:3634: $? = 1
configure: failed program was:
| /* confdefs.h */
| #define PACKAGE_NAME "mpi_pmem"
| #define PACKAGE_TARNAME "mpi_pmem"
| #define PACKAGE_VERSION "1.0"
| #define PACKAGE_STRING "mpi_pmem 1.0"
| #define PACKAGE_BUGREPORT ""
| #define PACKAGE_URL ""
| #define STDC_HEADERS 1
| #define HAVE_SYS_TYPES_H 1
| #define HAVE_SYS_STAT_H 1
| #define HAVE_STDLIB_H 1
| #define HAVE_STRING_H 1
| #define HAVE_MEMORY_H 1
| #define HAVE_STRINGS_H 1
| #define HAVE_INTTYPES_H 1
| #define HAVE_STDINT_H 1
| #define HAVE_UNISTD_H 1
| /* end confdefs.h.  */
| #include <stdio.h>
| #ifdef HAVE_SYS_TYPES_H
| # include <sys/types.h>
| #endif
| #ifdef HAVE_SYS_STAT_H
| # include <sys/stat.h>
| #endif
| #ifdef STDC_HEADERS
| # include <stdlib.h>
| # include <stddef.h>
| #else
| # ifdef HAVE_STDLIB_H
| #  include <stdlib.h>
| # endif
| #endif
| #ifdef HAVE_STRING_H
| # if !defined STDC_HEADERS && defined HAVE_MEMORY_H
| #  include <memory.h>
| # endif
| # include <string.h>
| #endif
| #ifdef HAVE_STRINGS_H
| # include <strings.h>
| #endif
| #ifdef HAVE_INTTYPES_H
| # include <inttypes.h>
| #endif
| #ifdef HAVE_STDINT_H
| # include <stdint.h>
| #endif
| #ifdef HAVE_UNISTD_H
| # include <unistd.h>
| #endif
| #include <minix/config.h>
configure:3634: result: no
configure:3634: checking minix/config.h presence
configure:3634: /opt/ohpc/pub/mpi/mpich-gnu-ohpc/3.2.1/bin/mpicc -E  conftest.c
conftest.c:19:10: fatal error: minix/config.h: No such file or directory
 #include <minix/config.h>
          ^~~~~~~~~~~~~~~~
compilation terminated.
configure:3634: $? = 1
configure: failed program was:
| /* confdefs.h */
| #define PACKAGE_NAME "mpi_pmem"
| #define PACKAGE_TARNAME "mpi_pmem"
| #define PACKAGE_VERSION "1.0"
| #define PACKAGE_STRING "mpi_pmem 1.0"
| #define PACKAGE_BUGREPORT ""
| #define PACKAGE_URL ""
| #define STDC_HEADERS 1
| #define HAVE_SYS_TYPES_H 1
| #define HAVE_SYS_STAT_H 1
| #define HAVE_STDLIB_H 1
| #define HAVE_STRING_H 1
| #define HAVE_MEMORY_H 1
| #define HAVE_STRINGS_H 1
| #define HAVE_INTTYPES_H 1
| #define HAVE_STDINT_H 1
| #define HAVE_UNISTD_H 1
| /* end confdefs.h.  */
| #include <minix/config.h>
configure:3634: result: no
configure:3634: checking for minix/config.h
configure:3634: result: no
configure:3655: checking whether it is safe to define __EXTENSIONS__
configure:3673: /opt/ohpc/pub/mpi/mpich-gnu-ohpc/3.2.1/bin/mpicc -c -g -O2  conftest.c >&5
configure:3673: $? = 0
configure:3680: result: yes
configure:3710: checking for a BSD-compatible install
configure:3778: result: /usr/bin/install -c
configure:3789: checking whether build environment is sane
configure:3844: result: yes
configure:3987: checking for a thread-safe mkdir -p
configure:4026: result: /usr/bin/mkdir -p
configure:4033: checking for gawk
configure:4049: found /usr/bin/gawk
configure:4060: result: gawk
configure:4071: checking whether make sets $(MAKE)
configure:4093: result: yes
configure:4115: checking whether make supports the include directive
configure:4130: make -f confmf.GNU && cat confinc.out
make: Warning: File `confinc.mk' has modification time 431 s in the future
make: warning:  Clock skew detected.  Your build may be incomplete.
this is the am__doit target
configure:4133: $? = 0
configure:4152: result: yes (GNU style)
configure:4185: checking whether make supports nested variables
configure:4202: result: yes
configure:4287: checking dependency style of /opt/ohpc/pub/mpi/mpich-gnu-ohpc/3.2.1/bin/mpicc
configure:4398: result: gcc3
configure:4630: checking for gcc
configure:4657: result: /opt/ohpc/pub/mpi/mpich-gnu-ohpc/3.2.1/bin/mpicc
configure:4886: checking for C compiler version
configure:4895: /opt/ohpc/pub/mpi/mpich-gnu-ohpc/3.2.1/bin/mpicc --version >&5
gcc (GCC) 8.1.0
Copyright (C) 2018 Free Software Foundation, Inc.
This is free software; see the source for copying conditions.  There is NO
warranty; not even for MERCHANTABILITY or FITNESS FOR A PARTICULAR PURPOSE.

configure:4906: $? = 0
configure:4895: /opt/ohpc/pub/mpi/mpich-gnu-ohpc/3.2.1/bin/mpicc -v >&5
mpicc for MPICH version 3.2.1
Using built-in specs.
COLLECT_GCC=gcc
COLLECT_LTO_WRAPPER=/opt/sw/gcc/8.1.0/bin/../libexec/gcc/x86_64-pc-linux-gnu/8.1.0/lto-wrapper
Target: x86_64-pc-linux-gnu
Configured with: ../gcc-8.1.0-src/configure --prefix=/home/idanmos/gcc8.1/gcc-8.1.0-dst --disable-multilib
Thread model: posix
gcc version 8.1.0 (GCC) 
configure:4906: $? = 0
configure:4895: /opt/ohpc/pub/mpi/mpich-gnu-ohpc/3.2.1/bin/mpicc -V >&5
gcc: error: unrecognized command line option '-V'
configure:4906: $? = 1
configure:4895: /opt/ohpc/pub/mpi/mpich-gnu-ohpc/3.2.1/bin/mpicc -qversion >&5
gcc: error: unrecognized command line option '-qversion'; did you mean '--version'?
configure:4906: $? = 1
configure:4910: checking whether we are using the GNU C compiler
configure:4938: result: yes
configure:4947: checking whether /opt/ohpc/pub/mpi/mpich-gnu-ohpc/3.2.1/bin/mpicc accepts -g
configure:5008: result: yes
configure:5025: checking for /opt/ohpc/pub/mpi/mpich-gnu-ohpc/3.2.1/bin/mpicc option to accept ISO C89
configure:5101: result: none needed
configure:5126: checking whether /opt/ohpc/pub/mpi/mpich-gnu-ohpc/3.2.1/bin/mpicc understands -c and -o together
configure:5163: result: yes
configure:5206: checking for function MPI_Init
configure:5231: /opt/ohpc/pub/mpi/mpich-gnu-ohpc/3.2.1/bin/mpicc -o conftest -g -O2   conftest.c  >&5
configure:5231: $? = 0
configure:5238: result: yes
configure:5249: checking for mpi.h
configure:5262: /opt/ohpc/pub/mpi/mpich-gnu-ohpc/3.2.1/bin/mpicc -c -g -O2  conftest.c >&5
configure:5262: $? = 0
configure:5263: result: yes
configure:5520: checking for C++ compiler version
configure:5529: /opt/ohpc/pub/mpi/mpich-gnu-ohpc/3.2.1/bin/mpic++ --version >&5
g++ (GCC) 8.1.0
Copyright (C) 2018 Free Software Foundation, Inc.
This is free software; see the source for copying conditions.  There is NO
warranty; not even for MERCHANTABILITY or FITNESS FOR A PARTICULAR PURPOSE.

configure:5540: $? = 0
configure:5529: /opt/ohpc/pub/mpi/mpich-gnu-ohpc/3.2.1/bin/mpic++ -v >&5
mpicxx for MPICH version 3.2.1
Using built-in specs.
COLLECT_GCC=g++
COLLECT_LTO_WRAPPER=/opt/sw/gcc/8.1.0/bin/../libexec/gcc/x86_64-pc-linux-gnu/8.1.0/lto-wrapper
Target: x86_64-pc-linux-gnu
Configured with: ../gcc-8.1.0-src/configure --prefix=/home/idanmos/gcc8.1/gcc-8.1.0-dst --disable-multilib
Thread model: posix
gcc version 8.1.0 (GCC) 
configure:5540: $? = 0
configure:5529: /opt/ohpc/pub/mpi/mpich-gnu-ohpc/3.2.1/bin/mpic++ -V >&5
g++: error: unrecognized command line option '-V'
configure:5540: $? = 1
configure:5529: /opt/ohpc/pub/mpi/mpich-gnu-ohpc/3.2.1/bin/mpic++ -qversion >&5
g++: error: unrecognized command line option '-qversion'; did you mean '--version'?
configure:5540: $? = 1
configure:5544: checking whether we are using the GNU C++ compiler
configure:5563: /opt/ohpc/pub/mpi/mpich-gnu-ohpc/3.2.1/bin/mpic++ -c   conftest.cpp >&5
configure:5563: $? = 0
configure:5572: result: yes
configure:5581: checking whether /opt/ohpc/pub/mpi/mpich-gnu-ohpc/3.2.1/bin/mpic++ accepts -g
configure:5601: /opt/ohpc/pub/mpi/mpich-gnu-ohpc/3.2.1/bin/mpic++ -c -g  conftest.cpp >&5
configure:5601: $? = 0
configure:5642: result: yes
configure:5667: checking dependency style of /opt/ohpc/pub/mpi/mpich-gnu-ohpc/3.2.1/bin/mpic++
configure:5778: result: gcc3
configure:5821: checking for function MPI_Init
configure:5842: /opt/ohpc/pub/mpi/mpich-gnu-ohpc/3.2.1/bin/mpic++ -o conftest -g -O2   conftest.cpp  >&5
configure:5842: $? = 0
configure:5849: result: yes
configure:5860: checking for mpi.h
configure:5873: /opt/ohpc/pub/mpi/mpich-gnu-ohpc/3.2.1/bin/mpic++ -c -g -O2  conftest.cpp >&5
configure:5873: $? = 0
configure:5874: result: yes
configure:5960: checking for ar
configure:5976: found /usr/bin/ar
configure:5987: result: ar
configure:6013: checking the archiver (ar) interface
configure:6029: /opt/ohpc/pub/mpi/mpich-gnu-ohpc/3.2.1/bin/mpicc -c -g -O2  conftest.c >&5
configure:6029: $? = 0
configure:6031: ar cru libconftest.a conftest.o >&5
configure:6034: $? = 0
configure:6062: result: ar
configure:6119: checking build system type
configure:6133: result: x86_64-unknown-linux-gnu
configure:6153: checking host system type
configure:6166: result: x86_64-unknown-linux-gnu
configure:6207: checking how to print strings
configure:6234: result: printf
configure:6255: checking for a sed that does not truncate output
configure:6319: result: /usr/bin/sed
configure:6337: checking for fgrep
configure:6399: result: /usr/bin/grep -F
configure:6434: checking for ld used by /opt/ohpc/pub/mpi/mpich-gnu-ohpc/3.2.1/bin/mpicc
configure:6501: result: /usr/bin/ld
configure:6508: checking if the linker (/usr/bin/ld) is GNU ld
configure:6523: result: yes
configure:6535: checking for BSD- or MS-compatible name lister (nm)
configure:6589: result: /usr/bin/nm -B
configure:6719: checking the name lister (/usr/bin/nm -B) interface
configure:6726: /opt/ohpc/pub/mpi/mpich-gnu-ohpc/3.2.1/bin/mpicc -c -g -O2  conftest.c >&5
configure:6729: /usr/bin/nm -B "conftest.o"
configure:6732: output
0000000000000000 B some_variable
configure:6739: result: BSD nm
configure:6742: checking whether ln -s works
configure:6746: result: yes
configure:6754: checking the maximum length of command line arguments
configure:6885: result: 1572864
configure:6933: checking how to convert x86_64-unknown-linux-gnu file names to x86_64-unknown-linux-gnu format
configure:6973: result: func_convert_file_noop
configure:6980: checking how to convert x86_64-unknown-linux-gnu file names to toolchain format
configure:7000: result: func_convert_file_noop
configure:7007: checking for /usr/bin/ld option to reload object files
configure:7014: result: -r
configure:7088: checking for objdump
configure:7104: found /usr/bin/objdump
configure:7115: result: objdump
configure:7147: checking how to recognize dependent libraries
configure:7347: result: pass_all
configure:7432: checking for dlltool
configure:7462: result: no
configure:7492: checking how to associate runtime and link libraries
configure:7519: result: printf %s\n
configure:7643: checking for archiver @FILE support
configure:7660: /opt/ohpc/pub/mpi/mpich-gnu-ohpc/3.2.1/bin/mpicc -c -g -O2  conftest.c >&5
configure:7660: $? = 0
configure:7663: ar cru libconftest.a @conftest.lst >&5
configure:7666: $? = 0
configure:7671: ar cru libconftest.a @conftest.lst >&5
ar: conftest.o: No such file or directory
configure:7674: $? = 1
configure:7686: result: @
configure:7744: checking for strip
configure:7760: found /usr/bin/strip
configure:7771: result: strip
configure:7843: checking for ranlib
configure:7859: found /usr/bin/ranlib
configure:7870: result: ranlib
configure:7972: checking command to parse /usr/bin/nm -B output from /opt/ohpc/pub/mpi/mpich-gnu-ohpc/3.2.1/bin/mpicc object
configure:8125: /opt/ohpc/pub/mpi/mpich-gnu-ohpc/3.2.1/bin/mpicc -c -g -O2  conftest.c >&5
configure:8128: $? = 0
configure:8132: /usr/bin/nm -B conftest.o \| sed -n -e 's/^.*[ ]\([ABCDGIRSTW][ABCDGIRSTW]*\)[ ][ ]*\([_A-Za-z][_A-Za-z0-9]*\)$/\1 \2 \2/p' | sed '/ __gnu_lto/d' \> conftest.nm
configure:8135: $? = 0
configure:8201: /opt/ohpc/pub/mpi/mpich-gnu-ohpc/3.2.1/bin/mpicc -o conftest -g -O2   conftest.c conftstm.o >&5
configure:8204: $? = 0
configure:8242: result: ok
configure:8289: checking for sysroot
configure:8319: result: no
configure:8326: checking for a working dd
configure:8364: result: /usr/bin/dd
configure:8368: checking how to truncate binary pipes
configure:8383: result: /usr/bin/dd bs=4096 count=1
configure:8519: /opt/ohpc/pub/mpi/mpich-gnu-ohpc/3.2.1/bin/mpicc -c -g -O2  conftest.c >&5
configure:8522: $? = 0
configure:8712: checking for mt
configure:8742: result: no
configure:8762: checking if : is a manifest tool
configure:8768: : '-?'
configure:8776: result: no
configure:9450: checking for dlfcn.h
configure:9450: /opt/ohpc/pub/mpi/mpich-gnu-ohpc/3.2.1/bin/mpicc -c -g -O2  conftest.c >&5
configure:9450: $? = 0
configure:9450: result: yes
configure:9716: checking for objdir
configure:9731: result: .libs
configure:9995: checking if /opt/ohpc/pub/mpi/mpich-gnu-ohpc/3.2.1/bin/mpicc supports -fno-rtti -fno-exceptions
configure:10013: /opt/ohpc/pub/mpi/mpich-gnu-ohpc/3.2.1/bin/mpicc -c -g -O2  -fno-rtti -fno-exceptions conftest.c >&5
cc1: warning: command line option '-fno-rtti' is valid for C++/ObjC++ but not for C
configure:10017: $? = 0
configure:10030: result: no
configure:10388: checking for /opt/ohpc/pub/mpi/mpich-gnu-ohpc/3.2.1/bin/mpicc option to produce PIC
configure:10395: result: -fPIC -DPIC
configure:10403: checking if /opt/ohpc/pub/mpi/mpich-gnu-ohpc/3.2.1/bin/mpicc PIC flag -fPIC -DPIC works
configure:10421: /opt/ohpc/pub/mpi/mpich-gnu-ohpc/3.2.1/bin/mpicc -c -g -O2  -fPIC -DPIC -DPIC conftest.c >&5
configure:10425: $? = 0
configure:10438: result: yes
configure:10467: checking if /opt/ohpc/pub/mpi/mpich-gnu-ohpc/3.2.1/bin/mpicc static flag -static works
configure:10495: result: no
configure:10510: checking if /opt/ohpc/pub/mpi/mpich-gnu-ohpc/3.2.1/bin/mpicc supports -c -o file.o
configure:10531: /opt/ohpc/pub/mpi/mpich-gnu-ohpc/3.2.1/bin/mpicc -c -g -O2  -o out/conftest2.o conftest.c >&5
configure:10535: $? = 0
configure:10557: result: yes
configure:10565: checking if /opt/ohpc/pub/mpi/mpich-gnu-ohpc/3.2.1/bin/mpicc supports -c -o file.o
configure:10612: result: yes
configure:10645: checking whether the /opt/ohpc/pub/mpi/mpich-gnu-ohpc/3.2.1/bin/mpicc linker (/usr/bin/ld -m elf_x86_64) supports shared libraries
configure:11904: result: yes
configure:11941: checking whether -lc should be explicitly linked in
configure:11949: /opt/ohpc/pub/mpi/mpich-gnu-ohpc/3.2.1/bin/mpicc -c -g -O2  conftest.c >&5
configure:11952: $? = 0
configure:11967: /opt/ohpc/pub/mpi/mpich-gnu-ohpc/3.2.1/bin/mpicc -shared  -fPIC -DPIC conftest.o  -v -Wl,-soname -Wl,conftest -o conftest 2\>\&1 \| /usr/bin/grep  -lc  \>/dev/null 2\>\&1
configure:11970: $? = 0
configure:11984: result: no
configure:12144: checking dynamic linker characteristics
configure:12725: /opt/ohpc/pub/mpi/mpich-gnu-ohpc/3.2.1/bin/mpicc -o conftest -g -O2   -Wl,-rpath -Wl,/foo conftest.c  >&5
configure:12725: $? = 0
configure:12962: result: GNU/Linux ld.so
configure:13084: checking how to hardcode library paths into programs
configure:13109: result: immediate
configure:13657: checking whether stripping libraries is possible
configure:13662: result: yes
configure:13697: checking if libtool supports shared libraries
configure:13699: result: yes
configure:13702: checking whether to build shared libraries
configure:13727: result: yes
configure:13730: checking whether to build static libraries
configure:13734: result: yes
configure:13757: checking how to run the C++ preprocessor
configure:13784: /opt/ohpc/pub/mpi/mpich-gnu-ohpc/3.2.1/bin/mpic++ -E  conftest.cpp
configure:13784: $? = 0
configure:13798: /opt/ohpc/pub/mpi/mpich-gnu-ohpc/3.2.1/bin/mpic++ -E  conftest.cpp
conftest.cpp:30:10: fatal error: ac_nonexistent.h: No such file or directory
 #include <ac_nonexistent.h>
          ^~~~~~~~~~~~~~~~~~
compilation terminated.
configure:13798: $? = 1
configure: failed program was:
| /* confdefs.h */
| #define PACKAGE_NAME "mpi_pmem"
| #define PACKAGE_TARNAME "mpi_pmem"
| #define PACKAGE_VERSION "1.0"
| #define PACKAGE_STRING "mpi_pmem 1.0"
| #define PACKAGE_BUGREPORT ""
| #define PACKAGE_URL ""
| #define STDC_HEADERS 1
| #define HAVE_SYS_TYPES_H 1
| #define HAVE_SYS_STAT_H 1
| #define HAVE_STDLIB_H 1
| #define HAVE_STRING_H 1
| #define HAVE_MEMORY_H 1
| #define HAVE_STRINGS_H 1
| #define HAVE_INTTYPES_H 1
| #define HAVE_STDINT_H 1
| #define HAVE_UNISTD_H 1
| #define __EXTENSIONS__ 1
| #define _ALL_SOURCE 1
| #define _GNU_SOURCE 1
| #define _POSIX_PTHREAD_SEMANTICS 1
| #define _TANDEM_SOURCE 1
| #define PACKAGE "mpi_pmem"
| #define VERSION "1.0"
| #define HAVE_MPI 1
| #define HAVE_MPI 1
| #define HAVE_DLFCN_H 1
| #define LT_OBJDIR ".libs/"
| /* end confdefs.h.  */
| #include <ac_nonexistent.h>
configure:13823: result: /opt/ohpc/pub/mpi/mpich-gnu-ohpc/3.2.1/bin/mpic++ -E
configure:13843: /opt/ohpc/pub/mpi/mpich-gnu-ohpc/3.2.1/bin/mpic++ -E  conftest.cpp
configure:13843: $? = 0
configure:13857: /opt/ohpc/pub/mpi/mpich-gnu-ohpc/3.2.1/bin/mpic++ -E  conftest.cpp
conftest.cpp:30:10: fatal error: ac_nonexistent.h: No such file or directory
 #include <ac_nonexistent.h>
          ^~~~~~~~~~~~~~~~~~
compilation terminated.
configure:13857: $? = 1
configure: failed program was:
| /* confdefs.h */
| #define PACKAGE_NAME "mpi_pmem"
| #define PACKAGE_TARNAME "mpi_pmem"
| #define PACKAGE_VERSION "1.0"
| #define PACKAGE_STRING "mpi_pmem 1.0"
| #define PACKAGE_BUGREPORT ""
| #define PACKAGE_URL ""
| #define STDC_HEADERS 1
| #define HAVE_SYS_TYPES_H 1
| #define HAVE_SYS_STAT_H 1
| #define HAVE_STDLIB_H 1
| #define HAVE_STRING_H 1
| #define HAVE_MEMORY_H 1
| #define HAVE_STRINGS_H 1
| #define HAVE_INTTYPES_H 1
| #define HAVE_STDINT_H 1
| #define HAVE_UNISTD_H 1
| #define __EXTENSIONS__ 1
| #define _ALL_SOURCE 1
| #define _GNU_SOURCE 1
| #define _POSIX_PTHREAD_SEMANTICS 1
| #define _TANDEM_SOURCE 1
| #define PACKAGE "mpi_pmem"
| #define VERSION "1.0"
| #define HAVE_MPI 1
| #define HAVE_MPI 1
| #define HAVE_DLFCN_H 1
| #define LT_OBJDIR ".libs/"
| /* end confdefs.h.  */
| #include <ac_nonexistent.h>
configure:14019: checking for ld used by /opt/ohpc/pub/mpi/mpich-gnu-ohpc/3.2.1/bin/mpic++
configure:14086: result: /usr/bin/ld -m elf_x86_64
configure:14093: checking if the linker (/usr/bin/ld -m elf_x86_64) is GNU ld
configure:14108: result: yes
configure:14163: checking whether the /opt/ohpc/pub/mpi/mpich-gnu-ohpc/3.2.1/bin/mpic++ linker (/usr/bin/ld -m elf_x86_64) supports shared libraries
configure:15236: result: yes
configure:15272: /opt/ohpc/pub/mpi/mpich-gnu-ohpc/3.2.1/bin/mpic++ -c -g -O2  conftest.cpp >&5
configure:15275: $? = 0
configure:15756: checking for /opt/ohpc/pub/mpi/mpich-gnu-ohpc/3.2.1/bin/mpic++ option to produce PIC
configure:15763: result: -fPIC -DPIC
configure:15771: checking if /opt/ohpc/pub/mpi/mpich-gnu-ohpc/3.2.1/bin/mpic++ PIC flag -fPIC -DPIC works
configure:15789: /opt/ohpc/pub/mpi/mpich-gnu-ohpc/3.2.1/bin/mpic++ -c -g -O2  -fPIC -DPIC -DPIC conftest.cpp >&5
configure:15793: $? = 0
configure:15806: result: yes
configure:15829: checking if /opt/ohpc/pub/mpi/mpich-gnu-ohpc/3.2.1/bin/mpic++ static flag -static works
configure:15857: result: no
configure:15869: checking if /opt/ohpc/pub/mpi/mpich-gnu-ohpc/3.2.1/bin/mpic++ supports -c -o file.o
configure:15890: /opt/ohpc/pub/mpi/mpich-gnu-ohpc/3.2.1/bin/mpic++ -c -g -O2  -o out/conftest2.o conftest.cpp >&5
configure:15894: $? = 0
configure:15916: result: yes
configure:15921: checking if /opt/ohpc/pub/mpi/mpich-gnu-ohpc/3.2.1/bin/mpic++ supports -c -o file.o
configure:15968: result: yes
configure:15998: checking whether the /opt/ohpc/pub/mpi/mpich-gnu-ohpc/3.2.1/bin/mpic++ linker (/usr/bin/ld -m elf_x86_64) supports shared libraries
configure:16038: result: yes
configure:16179: checking dynamic linker characteristics
configure:16924: result: GNU/Linux ld.so
configure:16989: checking how to hardcode library paths into programs
configure:17014: result: immediate
configure:17235: checking that generated files are newer than configure
configure:17241: result: done
configure:17268: creating ./config.status

## ---------------------- ##
## Running config.status. ##
## ---------------------- ##

This file was extended by mpi_pmem config.status 1.0, which was
generated by GNU Autoconf 2.69.  Invocation command line was

  CONFIG_FILES    = 
  CONFIG_HEADERS  = 
  CONFIG_LINKS    = 
  CONFIG_COMMANDS = 
  $ ./config.status 

on nvram001

config.status:1082: creating Makefile
config.status:1082: creating src/mpi_one_sided_extension/Makefile
config.status:1082: creating test/Makefile
config.status:1082: creating examples/Makefile
config.status:1254: executing depfiles commands
config.status:1331: cd src/mpi_one_sided_extension       && sed -e '/# am--include-marker/d' Makefile         | make -f - am--depfiles
make: Warning: File `.deps/mpi_win_pmem_init.Plo' has modification time 18 s in the future
make: Nothing to be done for `am--depfiles'.
make: warning:  Clock skew detected.  Your build may be incomplete.
config.status:1336: $? = 0
config.status:1331: cd test       && sed -e '/# am--include-marker/d' Makefile         | make -f - am--depfiles
make: Nothing to be done for `am--depfiles'.
config.status:1336: $? = 0
config.status:1331: cd examples       && sed -e '/# am--include-marker/d' Makefile         | make -f - am--depfiles
make: Warning: File `.deps/main.Po' has modification time 21 s in the future
make: Nothing to be done for `am--depfiles'.
make: warning:  Clock skew detected.  Your build may be incomplete.
config.status:1336: $? = 0
config.status:1254: executing libtool commands

## ---------------- ##
## Cache variables. ##
## ---------------- ##

ac_cv_build=x86_64-unknown-linux-gnu
ac_cv_c_compiler_gnu=yes
ac_cv_cxx_compiler_gnu=yes
ac_cv_env_CCC_set=
ac_cv_env_CCC_value=
ac_cv_env_CC_set=set
ac_cv_env_CC_value=/opt/ohpc/pub/mpi/mpich-gnu-ohpc/3.2.1/bin/mpicc
ac_cv_env_CFLAGS_set=
ac_cv_env_CFLAGS_value=
ac_cv_env_CPPFLAGS_set=
ac_cv_env_CPPFLAGS_value=
ac_cv_env_CPP_set=
ac_cv_env_CPP_value=
ac_cv_env_CXXCPP_set=
ac_cv_env_CXXCPP_value=
ac_cv_env_CXXFLAGS_set=
ac_cv_env_CXXFLAGS_value=
ac_cv_env_CXX_set=set
ac_cv_env_CXX_value=/opt/ohpc/pub/mpi/mpich-gnu-ohpc/3.2.1/bin/mpic++
ac_cv_env_LDFLAGS_set=
ac_cv_env_LDFLAGS_value=
ac_cv_env_LIBS_set=
ac_cv_env_LIBS_value=
ac_cv_env_LT_SYS_LIBRARY_PATH_set=
ac_cv_env_LT_SYS_LIBRARY_PATH_value=
ac_cv_env_MPICC_set=
ac_cv_env_MPICC_value=
ac_cv_env_MPICXX_set=
ac_cv_env_MPICXX_value=
ac_cv_env_build_alias_set=
ac_cv_env_build_alias_value=
ac_cv_env_host_alias_set=
ac_cv_env_host_alias_value=
ac_cv_env_target_alias_set=
ac_cv_env_target_alias_value=
ac_cv_header_dlfcn_h=yes
ac_cv_header_inttypes_h=yes
ac_cv_header_memory_h=yes
ac_cv_header_minix_config_h=no
ac_cv_header_stdc=yes
ac_cv_header_stdint_h=yes
ac_cv_header_stdlib_h=yes
ac_cv_header_string_h=yes
ac_cv_header_strings_h=yes
ac_cv_header_sys_stat_h=yes
ac_cv_header_sys_types_h=yes
ac_cv_header_unistd_h=yes
ac_cv_host=x86_64-unknown-linux-gnu
ac_cv_objext=o
ac_cv_path_EGREP='/usr/bin/grep -E'
ac_cv_path_FGREP='/usr/bin/grep -F'
ac_cv_path_GREP=/usr/bin/grep
ac_cv_path_SED=/usr/bin/sed
ac_cv_path_install='/usr/bin/install -c'
ac_cv_path_lt_DD=/usr/bin/dd
ac_cv_path_mkdir=/usr/bin/mkdir
ac_cv_prog_AWK=gawk
ac_cv_prog_CPP='/opt/ohpc/pub/mpi/mpich-gnu-ohpc/3.2.1/bin/mpicc -E'
ac_cv_prog_CXXCPP='/opt/ohpc/pub/mpi/mpich-gnu-ohpc/3.2.1/bin/mpic++ -E'
ac_cv_prog_ac_ct_AR=ar
ac_cv_prog_ac_ct_CC=/opt/ohpc/pub/mpi/mpich-gnu-ohpc/3.2.1/bin/mpicc
ac_cv_prog_ac_ct_OBJDUMP=objdump
ac_cv_prog_ac_ct_RANLIB=ranlib
ac_cv_prog_ac_ct_STRIP=strip
ac_cv_prog_cc_c89=
ac_cv_prog_cc_g=yes
ac_cv_prog_cxx_g=yes
ac_cv_prog_make_make_set=yes
ac_cv_safe_to_define___extensions__=yes
am_cv_CC_dependencies_compiler_type=gcc3
am_cv_CXX_dependencies_compiler_type=gcc3
am_cv_ar_interface=ar
am_cv_make_support_nested_variables=yes
am_cv_prog_cc_c_o=yes
lt_cv_ar_at_file=@
lt_cv_archive_cmds_need_lc=no
lt_cv_deplibs_check_method=pass_all
lt_cv_file_magic_cmd='$MAGIC_CMD'
lt_cv_file_magic_test_file=
lt_cv_ld_reload_flag=-r
lt_cv_nm_interface='BSD nm'
lt_cv_objdir=.libs
lt_cv_path_LD=/usr/bin/ld
lt_cv_path_LDCXX='/usr/bin/ld -m elf_x86_64'
lt_cv_path_NM='/usr/bin/nm -B'
lt_cv_path_mainfest_tool=no
lt_cv_prog_compiler_c_o=yes
lt_cv_prog_compiler_c_o_CXX=yes
lt_cv_prog_compiler_pic='-fPIC -DPIC'
lt_cv_prog_compiler_pic_CXX='-fPIC -DPIC'
lt_cv_prog_compiler_pic_works=yes
lt_cv_prog_compiler_pic_works_CXX=yes
lt_cv_prog_compiler_rtti_exceptions=no
lt_cv_prog_compiler_static_works=no
lt_cv_prog_compiler_static_works_CXX=no
lt_cv_prog_gnu_ld=yes
lt_cv_prog_gnu_ldcxx=yes
lt_cv_sharedlib_from_linklib_cmd='printf %s\n'
lt_cv_shlibpath_overrides_runpath=yes
lt_cv_sys_global_symbol_pipe='sed -n -e '\''s/^.*[	 ]\([ABCDGIRSTW][ABCDGIRSTW]*\)[	 ][	 ]*\([_A-Za-z][_A-Za-z0-9]*\)$/\1 \2 \2/p'\'' | sed '\''/ __gnu_lto/d'\'''
lt_cv_sys_global_symbol_to_c_name_address='sed -n -e '\''s/^: \(.*\) .*$/  {"\1", (void *) 0},/p'\'' -e '\''s/^[ABCDGIRSTW][ABCDGIRSTW]* .* \(.*\)$/  {"\1", (void *) \&\1},/p'\'''
lt_cv_sys_global_symbol_to_c_name_address_lib_prefix='sed -n -e '\''s/^: \(.*\) .*$/  {"\1", (void *) 0},/p'\'' -e '\''s/^[ABCDGIRSTW][ABCDGIRSTW]* .* \(lib.*\)$/  {"\1", (void *) \&\1},/p'\'' -e '\''s/^[ABCDGIRSTW][ABCDGIRSTW]* .* \(.*\)$/  {"lib\1", (void *) \&\1},/p'\'''
lt_cv_sys_global_symbol_to_cdecl='sed -n -e '\''s/^T .* \(.*\)$/extern int \1();/p'\'' -e '\''s/^[ABCDGIRSTW][ABCDGIRSTW]* .* \(.*\)$/extern char \1;/p'\'''
lt_cv_sys_global_symbol_to_import=
lt_cv_sys_max_cmd_len=1572864
lt_cv_to_host_file_cmd=func_convert_file_noop
lt_cv_to_tool_file_cmd=func_convert_file_noop
lt_cv_truncate_bin='/usr/bin/dd bs=4096 count=1'

## ----------------- ##
## Output variables. ##
## ----------------- ##

ACLOCAL='${SHELL} '\''/home/yonif/A_PAZI/ESR-CG/mpi-pmem-ext-harel/mpi_one_sided_extension/missing'\'' aclocal-1.16'
AMDEPBACKSLASH='\'
AMDEP_FALSE='#'
AMDEP_TRUE=''
AMTAR='$${TAR-tar}'
AM_BACKSLASH='\'
AM_CFLAGS='-std=c99 -W -Wall'
AM_CPPFLAGS='-D_GNU_SOURCE -D_LOG_ERROR'
AM_CXXFLAGS='-W -Wall'
AM_DEFAULT_V='$(AM_DEFAULT_VERBOSITY)'
AM_DEFAULT_VERBOSITY='1'
AM_LDFLAGS=''
AM_V='$(V)'
AR='ar'
AUTOCONF='${SHELL} '\''/home/yonif/A_PAZI/ESR-CG/mpi-pmem-ext-harel/mpi_one_sided_extension/missing'\'' autoconf'
AUTOHEADER='${SHELL} '\''/home/yonif/A_PAZI/ESR-CG/mpi-pmem-ext-harel/mpi_one_sided_extension/missing'\'' autoheader'
AUTOMAKE='${SHELL} '\''/home/yonif/A_PAZI/ESR-CG/mpi-pmem-ext-harel/mpi_one_sided_extension/missing'\'' automake-1.16'
AWK='gawk'
CC='/opt/ohpc/pub/mpi/mpich-gnu-ohpc/3.2.1/bin/mpicc'
CCDEPMODE='depmode=gcc3'
CFLAGS='-g -O2'
CPP='/opt/ohpc/pub/mpi/mpich-gnu-ohpc/3.2.1/bin/mpicc -E'
CPPFLAGS=''
CSCOPE='cscope'
CTAGS='ctags'
CXX='/opt/ohpc/pub/mpi/mpich-gnu-ohpc/3.2.1/bin/mpic++'
CXXCPP='/opt/ohpc/pub/mpi/mpich-gnu-ohpc/3.2.1/bin/mpic++ -E'
CXXDEPMODE='depmode=gcc3'
CXXFLAGS='-g -O2'
CYGPATH_W='echo'
DEFS='-DPACKAGE_NAME=\"mpi_pmem\" -DPACKAGE_TARNAME=\"mpi_pmem\" -DPACKAGE_VERSION=\"1.0\" -DPACKAGE_STRING=\"mpi_pmem\ 1.0\" -DPACKAGE_BUGREPORT=\"\" -DPACKAGE_URL=\"\" -DSTDC_HEADERS=1 -DHAVE_SYS_TYPES_H=1 -DHAVE_SYS_STAT_H=1 -DHAVE_STDLIB_H=1 -DHAVE_STRING_H=1 -DHAVE_MEMORY_H=1 -DHAVE_STRINGS_H=1 -DHAVE_INTTYPES_H=1 -DHAVE_STDINT_H=1 -DHAVE_UNISTD_H=1 -D__EXTENSIONS__=1 -D_ALL_SOURCE=1 -D_GNU_SOURCE=1 -D_POSIX_PTHREAD_SEMANTICS=1 -D_TANDEM_SOURCE=1 -DPACKAGE=\"mpi_pmem\" -DVERSION=\"1.0\" -DHAVE_MPI=1 -DHAVE_MPI=1 -DHAVE_DLFCN_H=1 -DLT_OBJDIR=\".libs/\"'
DEPDIR='.deps'
DLLTOOL='false'
DSYMUTIL=''
DUMPBIN=''
ECHO_C=''
ECHO_N='-n'
ECHO_T=''
EGREP='/usr/bin/grep -E'
ETAGS='etags'
EXEEXT=''
FGREP='/usr/bin/grep -F'
GREP='/usr/bin/grep'
INSTALL_DATA='${INSTALL} -m 644'
INSTALL_PROGRAM='${INSTALL}'
INSTALL_SCRIPT='${INSTALL}'
INSTALL_STRIP_PROGRAM='$(install_sh) -c -s'
LD='/usr/bin/ld -m elf_x86_64'
LDADD='-lpthread -lpmem'
LDFLAGS=''
LIBOBJS=''
LIBS=''
LIBTOOL='$(SHELL) $(top_builddir)/libtool'
LIPO=''
LN_S='ln -s'
LTLIBOBJS=''
LT_SYS_LIBRARY_PATH=''
MAKEINFO='${SHELL} '\''/home/yonif/A_PAZI/ESR-CG/mpi-pmem-ext-harel/mpi_one_sided_extension/missing'\'' makeinfo'
MANIFEST_TOOL=':'
MKDIR_P='/usr/bin/mkdir -p'
MPICC=''
MPICXX=''
NM='/usr/bin/nm -B'
NMEDIT=''
OBJDUMP='objdump'
OBJEXT='o'
OTOOL64=''
OTOOL=''
PACKAGE='mpi_pmem'
PACKAGE_BUGREPORT=''
PACKAGE_NAME='mpi_pmem'
PACKAGE_STRING='mpi_pmem 1.0'
PACKAGE_TARNAME='mpi_pmem'
PACKAGE_URL=''
PACKAGE_VERSION='1.0'
PATH_SEPARATOR=':'
RANLIB='ranlib'
SED='/usr/bin/sed'
SET_MAKE=''
SHELL='/bin/sh'
STRIP='strip'
VERSION='1.0'
ac_ct_AR='ar'
ac_ct_CC='/opt/ohpc/pub/mpi/mpich-gnu-ohpc/3.2.1/bin/mpicc'
ac_ct_CXX=''
ac_ct_DUMPBIN=''
am__EXEEXT_FALSE=''
am__EXEEXT_TRUE='#'
am__fastdepCC_FALSE='#'
am__fastdepCC_TRUE=''
am__fastdepCXX_FALSE='#'
am__fastdepCXX_TRUE=''
am__include='include'
am__isrc=''
am__leading_dot='.'
am__nodep='_no'
am__quote=''
am__tar='$${TAR-tar} chof - "$$tardir"'
am__untar='$${TAR-tar} xf -'
bindir='${exec_prefix}/bin'
build='x86_64-unknown-linux-gnu'
build_alias=''
build_cpu='x86_64'
build_os='linux-gnu'
build_vendor='unknown'
datadir='${datarootdir}'
datarootdir='${prefix}/share'
docdir='${datarootdir}/doc/${PACKAGE_TARNAME}'
dvidir='${docdir}'
exec_prefix='${prefix}'
host='x86_64-unknown-linux-gnu'
host_alias=''
host_cpu='x86_64'
host_os='linux-gnu'
host_vendor='unknown'
htmldir='${docdir}'
includedir='${prefix}/include'
infodir='${datarootdir}/info'
install_sh='${SHELL} /home/yonif/A_PAZI/ESR-CG/mpi-pmem-ext-harel/mpi_one_sided_extension/install-sh'
libdir='${exec_prefix}/lib'
libexecdir='${exec_prefix}/libexec'
localedir='${datarootdir}/locale'
localstatedir='${prefix}/var'
mandir='${datarootdir}/man'
mkdir_p='$(MKDIR_P)'
oldincludedir='/usr/include'
pdfdir='${docdir}'
prefix='/home/yonif/installed-mpi-pmem/mpi-win-pm-ext/mpich-gnu/2016'
program_transform_name='s,x,x,'
psdir='${docdir}'
sbindir='${exec_prefix}/sbin'
sharedstatedir='${prefix}/com'
sysconfdir='${prefix}/etc'
target_alias=''

## ----------- ##
## confdefs.h. ##
## ----------- ##

/* confdefs.h */
#define PACKAGE_NAME "mpi_pmem"
#define PACKAGE_TARNAME "mpi_pmem"
#define PACKAGE_VERSION "1.0"
#define PACKAGE_STRING "mpi_pmem 1.0"
#define PACKAGE_BUGREPORT ""
#define PACKAGE_URL ""
#define STDC_HEADERS 1
#define HAVE_SYS_TYPES_H 1
#define HAVE_SYS_STAT_H 1
#define HAVE_STDLIB_H 1
#define HAVE_STRING_H 1
#define HAVE_MEMORY_H 1
#define HAVE_STRINGS_H 1
#define HAVE_INTTYPES_H 1
#define HAVE_STDINT_H 1
#define HAVE_UNISTD_H 1
#define __EXTENSIONS__ 1
#define _ALL_SOURCE 1
#define _GNU_SOURCE 1
#define _POSIX_PTHREAD_SEMANTICS 1
#define _TANDEM_SOURCE 1
#define PACKAGE "mpi_pmem"
#define VERSION "1.0"
#define HAVE_MPI 1
#define HAVE_MPI 1
#define HAVE_DLFCN_H 1
#define LT_OBJDIR ".libs/"

configure: exit 0
